<?xml version="1.0" encoding="utf-8"?>
<TestRun id="6870ae87-6eeb-4a02-9720-f26601c53fab" name="marti@MARTIN-PC 2023-08-11 18:31:46" runUser="MARTIN-PC\marti" xmlns="http://microsoft.com/schemas/VisualStudio/TeamTest/2010">
  <Times creation="2023-08-11T18:31:46.7123121+10:00" queuing="2023-08-11T18:31:46.7123123+10:00" start="2023-08-11T18:31:46.1708697+10:00" finish="2023-08-11T18:31:46.7167882+10:00" />
  <TestSettings name="default" id="19f80a60-4613-4356-bf8b-a1e5cd6ffd36">
    <Deployment runDeploymentRoot="marti_MARTIN-PC_2023-08-11_18_31_46" />
  </TestSettings>
  <Results>
    <UnitTestResult executionId="29914a5d-bc2d-4e09-b79c-2f55e0384a03" testId="96e14ae1-c397-5d45-bd58-87b667bb5af3" testName="SimpleTest" computerName="MARTIN-PC" duration="00:00:00.0059940" startTime="2023-08-11T18:31:46.5799798+10:00" endTime="2023-08-11T18:31:46.5981399+10:00" testType="13cdc9d9-ddb5-4fa4-a97d-d965ccfc6d4b" outcome="Passed" testListId="8c84fa94-04c1-424b-9868-57a2d4851a1d" relativeResultsDirectory="29914a5d-bc2d-4e09-b79c-2f55e0384a03">
      <Output>
        <StdOut>test A: passed successfully&#xD;
test B: passed successfully&#xD;
test C: passed successfully&#xD;
test D: passed successfully&#xD;
test E: passed successfully&#xD;
test F: passed successfully&#xD;
test G: passed successfully&#xD;
test H: passed successfully&#xD;
test I: passed successfully&#xD;
test J: passed successfully&#xD;
test K: passed successfully&#xD;
test L: passed successfully&#xD;
test M: passed successfully&#xD;
test N: passed successfully&#xD;
test O: passed successfully&#xD;
test P: passed successfully&#xD;
test Q: passed successfully&#xD;
test R: passed successfully&#xD;
test S: passed successfully&#xD;
test T: passed successfully&#xD;
test U: passed successfully&#xD;
test V: passed successfully&#xD;
test W: passed successfully&#xD;
test X: passed successfully&#xD;
test Y: passed successfully&#xD;
test Z: passed successfully&#xD;
test a: passed successfully&#xD;
test b: passed successfully&#xD;
test c: passed successfully&#xD;
test d: passed successfully&#xD;
test e: passed successfully&#xD;
test f: passed successfully&#xD;
test g: passed successfully&#xD;
test h: passed successfully&#xD;
test i: passed successfully&#xD;
test j: passed successfully&#xD;
test k: passed successfully&#xD;
test l: passed successfully</StdOut>
      </Output>
    </UnitTestResult>
  </Results>
  <TestDefinitions>
    <UnitTest name="SimpleTest" storage="c:\users\marti\documents\study\deakin\2023\t1\professional practice in information technology\task 6.2c\simplereactiongame\unittests\bin\debug\net6.0\unittests.dll" id="96e14ae1-c397-5d45-bd58-87b667bb5af3">
      <Execution id="29914a5d-bc2d-4e09-b79c-2f55e0384a03" />
      <TestMethod codeBase="C:\Users\marti\Documents\Study\Deakin\2023\T1\Professional Practice In Information Technology\Task 6.2C\SimpleReactionGame\UnitTests\bin\Debug\net6.0\UnitTests.dll" adapterTypeName="executor://mstestadapter/v2" className="UnitTests.UnitTest" name="SimpleTest" />
    </UnitTest>
  </TestDefinitions>
  <TestEntries>
    <TestEntry testId="96e14ae1-c397-5d45-bd58-87b667bb5af3" executionId="29914a5d-bc2d-4e09-b79c-2f55e0384a03" testListId="8c84fa94-04c1-424b-9868-57a2d4851a1d" />
  </TestEntries>
  <TestLists>
    <TestList name="Results Not in a List" id="8c84fa94-04c1-424b-9868-57a2d4851a1d" />
    <TestList name="All Loaded Results" id="19431567-8539-422a-85d7-44ee4e166bda" />
  </TestLists>
  <ResultSummary outcome="Completed">
    <Counters total="1" executed="1" passed="1" failed="0" error="0" timeout="0" aborted="0" inconclusive="0" passedButRunAborted="0" notRunnable="0" notExecuted="0" disconnected="0" warning="0" completed="0" inProgress="0" pending="0" />
  </ResultSummary>
</TestRun>